2026-01-18 12:42:51 INFO  Log - Launching Chrome browser
2026-01-18 12:43:07 INFO  Log - ===== Login Title Test =====
2026-01-18 12:43:07 INFO  Log - Closing browser
2026-01-18 12:43:11 INFO  Log - Launching Chrome browser
2026-01-18 12:43:18 INFO  Log - ===== Login URL Test =====
2026-01-18 12:43:18 INFO  Log - Closing browser
2026-01-18 12:43:19 INFO  Log - Launching Chrome browser
2026-01-18 12:43:26 INFO  Log - Clicking Login button
2026-01-18 12:43:28 INFO  Log - Closing browser
2026-01-18 12:43:57 INFO  Log - Launching Chrome browser
2026-01-18 12:44:06 INFO  Log - ===== Login Title Test =====
2026-01-18 12:44:06 INFO  Log - Closing browser
2026-01-18 12:44:07 INFO  Log - Launching Chrome browser
2026-01-18 12:44:13 INFO  Log - ===== Login URL Test =====
2026-01-18 12:44:13 INFO  Log - Closing browser
2026-01-18 12:44:13 INFO  Log - Launching Chrome browser
2026-01-18 12:44:19 INFO  Log - Clicking Login button
2026-01-18 12:44:21 INFO  Log - Closing browser
2026-01-18 13:07:39 INFO  Log - Launching Chrome browser
2026-01-18 13:07:44 INFO  Log - ===== Login Title Test =====
2026-01-18 13:07:44 INFO  Log - Closing browser
2026-01-18 13:07:44 INFO  Log - Launching Chrome browser
2026-01-18 13:07:47 INFO  Log - ===== Login URL Test =====
2026-01-18 13:07:47 INFO  Log - Closing browser
2026-01-18 13:07:48 INFO  Log - Launching Chrome browser
2026-01-18 13:07:51 INFO  Log - Clicking Login button
2026-01-18 13:07:52 INFO  Log - Closing browser
2026-01-18 14:34:44 INFO  Log - Launching Chrome browser
2026-01-18 14:34:48 INFO  Log - ===== Login Title Test =====
2026-01-18 14:34:48 INFO  Log - Closing browser
2026-01-18 14:34:49 INFO  Log - Launching Chrome browser
2026-01-18 14:34:52 INFO  Log - ===== Login URL Test =====
2026-01-18 14:34:52 INFO  Log - Closing browser
2026-01-18 14:34:52 INFO  Log - Launching Chrome browser
2026-01-18 14:34:56 INFO  Log - Clicking Login button
2026-01-18 14:34:57 INFO  Log - Closing browser
2026-01-18 16:14:21 INFO  Log - Launching Chrome browser
2026-01-18 16:14:25 INFO  Log - ===== Login Title Test =====
2026-01-18 16:14:25 INFO  Log - Closing browser
2026-01-18 16:14:25 INFO  Log - Launching Chrome browser
2026-01-18 16:14:28 INFO  Log - ===== Login URL Test =====
2026-01-18 16:14:28 INFO  Log - Closing browser
2026-01-18 16:14:29 INFO  Log - Launching Chrome browser
2026-01-18 16:14:32 INFO  Log - Clicking Login button
2026-01-18 16:14:33 INFO  Log - Closing browser
2026-01-18 19:07:30 INFO  Log - Launching Chrome browser
2026-01-18 19:07:34 INFO  Log - ===== Login Title Test =====
2026-01-18 19:07:34 INFO  Log - Closing browser
2026-01-18 19:07:34 INFO  Log - Launching Chrome browser
2026-01-18 19:07:38 INFO  Log - ===== Login URL Test =====
2026-01-18 19:07:38 INFO  Log - Closing browser
2026-01-18 19:07:38 INFO  Log - Launching Chrome browser
2026-01-18 19:08:03 INFO  Log - Clicking Login button
2026-01-18 19:08:04 INFO  Log - Closing browser
2026-01-18 19:08:32 INFO  Log - Launching Chrome browser
2026-01-18 19:08:36 INFO  Log - ===== Login Title Test =====
2026-01-18 19:08:36 INFO  Log - Closing browser
2026-01-18 19:08:36 INFO  Log - Launching Chrome browser
2026-01-18 19:08:39 INFO  Log - ===== Login URL Test =====
2026-01-18 19:08:39 INFO  Log - Closing browser
2026-01-18 19:08:39 INFO  Log - Launching Chrome browser
2026-01-18 19:08:43 INFO  Log - Clicking Login button
2026-01-18 19:08:44 INFO  Log - Closing browser
2026-01-18 19:44:38 INFO  Log - Launching Chrome browser
2026-01-18 19:44:42 INFO  Log - ===== Login Title Test =====
2026-01-18 19:44:42 INFO  Log - Closing browser
2026-01-18 19:44:43 INFO  Log - Launching Chrome browser
2026-01-18 19:44:46 INFO  Log - ===== Login URL Test =====
2026-01-18 19:44:46 INFO  Log - Closing browser
2026-01-18 19:44:46 INFO  Log - Launching Chrome browser
2026-01-18 19:44:50 INFO  Log - Clicking Login button
2026-01-18 19:44:50 INFO  Log - Closing browser
